<?xml version="1.0" encoding="UTF-8"?>
<testsuite name="ashen.store.catalog.domain.CatalogModuleTest" tests="1" skipped="0" failures="0" errors="0" timestamp="2025-08-28T06:32:06.901Z" hostname="MacBook-Air.local" time="0.138">
  <properties/>
  <testcase name="register_updates_jpa_ok()" classname="ashen.store.catalog.domain.CatalogModuleTest" time="0.138"/>
  <system-out><![CDATA[15:32:03.747 [Test worker] INFO org.springframework.test.context.support.AnnotationConfigContextLoaderUtils -- Could not detect default configuration classes for test class [ashen.store.catalog.domain.CatalogModuleTest]: CatalogModuleTest does not declare any static, non-private, non-final, nested classes annotated with @Configuration.
15:32:03.816 [Test worker] INFO com.tngtech.archunit.core.PluginLoader -- Detected Java version 21.0.3
15:32:04.560 [Test worker] INFO org.springframework.boot.test.context.SpringBootTestContextBootstrapper -- Found @SpringBootConfiguration ashen.store.ModulithTestApplication for test class ashen.store.catalog.domain.CatalogModuleTest

  .   ____          _            __ _ _
 /\\ / ___'_ __ _ _(_)_ __  __ _ \ \ \ \
( ( )\___ | '_ | '_| | '_ \/ _` | \ \ \ \
 \\/  ___)| |_)| | | | | || (_| |  ) ) ) )
  '  |____| .__|_| |_|_| |_\__, | / / / /
 =========|_|==============|___/=/_/_/_/

 :: Spring Boot ::                (v3.3.2)

2025-08-28T15:32:04.656+09:00  INFO 17717 --- [    Test worker] ustomizerFactory$ModuleContextCustomizer : Bootstrapping @org.springframework.modulith.test.ApplicationModuleTest for Catalog in mode STANDALONE (class ashen.store.ModulithTestApplication)…
2025-08-28T15:32:04.656+09:00  INFO 17717 --- [    Test worker] ustomizerFactory$ModuleContextCustomizer : 
2025-08-28T15:32:04.661+09:00  INFO 17717 --- [    Test worker] ustomizerFactory$ModuleContextCustomizer : # Catalog
2025-08-28T15:32:04.661+09:00  INFO 17717 --- [    Test worker] ustomizerFactory$ModuleContextCustomizer : > Logical name: catalog
2025-08-28T15:32:04.661+09:00  INFO 17717 --- [    Test worker] ustomizerFactory$ModuleContextCustomizer : > Base package: ashen.store.catalog
2025-08-28T15:32:04.661+09:00  INFO 17717 --- [    Test worker] ustomizerFactory$ModuleContextCustomizer : > Excluded packages: none
2025-08-28T15:32:04.661+09:00  INFO 17717 --- [    Test worker] ustomizerFactory$ModuleContextCustomizer : > Direct module dependencies: 
2025-08-28T15:32:04.661+09:00  INFO 17717 --- [    Test worker] ustomizerFactory$ModuleContextCustomizer :   + snowflake
2025-08-28T15:32:04.661+09:00  INFO 17717 --- [    Test worker] ustomizerFactory$ModuleContextCustomizer : > Spring beans:
2025-08-28T15:32:04.661+09:00  INFO 17717 --- [    Test worker] ustomizerFactory$ModuleContextCustomizer :   o ….persistence.ProductRepository
2025-08-28T15:32:04.661+09:00  INFO 17717 --- [    Test worker] ustomizerFactory$ModuleContextCustomizer :   o ….persistence.SkuRepository
2025-08-28T15:32:04.661+09:00  INFO 17717 --- [    Test worker] ustomizerFactory$ModuleContextCustomizer :   o ….service.CatalogService
2025-08-28T15:32:04.661+09:00  INFO 17717 --- [    Test worker] ustomizerFactory$ModuleContextCustomizer : 
2025-08-28T15:32:04.671+09:00  INFO 17717 --- [    Test worker] a.s.catalog.domain.CatalogModuleTest     : Starting CatalogModuleTest using Java 21.0.3 with PID 17717 (started by admin in /Users/admin/Documents/GitHub/ashen-store/domain/catalog)
2025-08-28T15:32:04.672+09:00  INFO 17717 --- [    Test worker] a.s.catalog.domain.CatalogModuleTest     : No active profile set, falling back to 1 default profile: "default"
2025-08-28T15:32:04.838+09:00  INFO 17717 --- [    Test worker] figurationAndEntityScanPackageCustomizer : Re-configuring auto-configuration and entity scan packages to: ashen.store.catalog.
2025-08-28T15:32:04.874+09:00  INFO 17717 --- [    Test worker] .s.d.r.c.RepositoryConfigurationDelegate : Multiple Spring Data modules found, entering strict repository configuration mode
2025-08-28T15:32:04.875+09:00  INFO 17717 --- [    Test worker] .s.d.r.c.RepositoryConfigurationDelegate : Bootstrapping Spring Data JPA repositories in DEFAULT mode.
2025-08-28T15:32:04.898+09:00  INFO 17717 --- [    Test worker] .s.d.r.c.RepositoryConfigurationDelegate : Finished Spring Data repository scanning in 19 ms. Found 2 JPA repository interfaces.
2025-08-28T15:32:05.676+09:00  INFO 17717 --- [    Test worker] o.hibernate.jpa.internal.util.LogHelper  : HHH000204: Processing PersistenceUnitInfo [name: default]
2025-08-28T15:32:05.711+09:00  INFO 17717 --- [    Test worker] org.hibernate.Version                    : HHH000412: Hibernate ORM core version 6.5.2.Final
2025-08-28T15:32:05.735+09:00  INFO 17717 --- [    Test worker] o.h.c.internal.RegionFactoryInitiator    : HHH000026: Second-level cache disabled
2025-08-28T15:32:05.808+09:00  INFO 17717 --- [    Test worker] o.s.o.j.p.SpringPersistenceUnitInfo      : No LoadTimeWeaver setup: ignoring JPA class transformer
2025-08-28T15:32:05.823+09:00  INFO 17717 --- [    Test worker] com.zaxxer.hikari.HikariDataSource       : HikariPool-1 - Starting...
2025-08-28T15:32:05.914+09:00  INFO 17717 --- [    Test worker] com.zaxxer.hikari.pool.HikariPool        : HikariPool-1 - Added connection conn0: url=jdbc:h2:mem:catalog user=SA
2025-08-28T15:32:05.915+09:00  INFO 17717 --- [    Test worker] com.zaxxer.hikari.HikariDataSource       : HikariPool-1 - Start completed.
2025-08-28T15:32:06.392+09:00  INFO 17717 --- [    Test worker] o.h.e.t.j.p.i.JtaPlatformInitiator       : HHH000489: No JTA platform available (set 'hibernate.transaction.jta.platform' to enable JTA platform integration)
2025-08-28T15:32:06.399+09:00 DEBUG 17717 --- [    Test worker] org.hibernate.SQL                        : 
    drop table if exists product cascade 
2025-08-28T15:32:06.401+09:00 DEBUG 17717 --- [    Test worker] org.hibernate.SQL                        : 
    drop table if exists sku cascade 
2025-08-28T15:32:06.404+09:00 DEBUG 17717 --- [    Test worker] org.hibernate.SQL                        : 
    create table product (
        abv numeric(5,2),
        active boolean not null,
        created_at timestamp(6) not null,
        merchant_id bigint not null,
        modified_at timestamp(6) not null,
        product_id bigint not null,
        eng_name varchar(255) not null,
        kor_name varchar(255) not null,
        category enum ('BEER','ETC','MAKGEOLLI','SOJU','SPIRITS','WHISKY','WINE') not null,
        primary key (product_id)
    )
2025-08-28T15:32:06.406+09:00 DEBUG 17717 --- [    Test worker] org.hibernate.SQL                        : 
    create table sku (
        active boolean not null,
        created_at timestamp(6) not null,
        list_price bigint,
        modified_at timestamp(6) not null,
        product_id bigint not null,
        sale_price bigint,
        sku_id bigint not null,
        options varchar(512) not null,
        currency varchar(255),
        sku_code varchar(255) not null,
        primary key (sku_id)
    )
2025-08-28T15:32:06.409+09:00  INFO 17717 --- [    Test worker] j.LocalContainerEntityManagerFactoryBean : Initialized JPA EntityManagerFactory for persistence unit 'default'
2025-08-28T15:32:06.579+09:00  INFO 17717 --- [    Test worker] o.s.d.j.r.query.QueryEnhancerFactory     : Hibernate is in classpath; If applicable, HQL parser will be used.
2025-08-28T15:32:06.882+09:00  INFO 17717 --- [    Test worker] o.s.s.config.TaskSchedulerRouter         : No TaskScheduler/ScheduledExecutorService bean found for scheduled processing
2025-08-28T15:32:06.893+09:00  INFO 17717 --- [    Test worker] a.s.catalog.domain.CatalogModuleTest     : Started CatalogModuleTest in 2.304 seconds (process running for 3.622)
2025-08-28T15:32:06.935+09:00 DEBUG 17717 --- [    Test worker] org.hibernate.SQL                        : 
    select
        p1_0.product_id,
        p1_0.abv,
        p1_0.active,
        p1_0.category,
        p1_0.created_at,
        p1_0.eng_name,
        p1_0.kor_name,
        p1_0.merchant_id,
        p1_0.modified_at 
    from
        product p1_0 
    where
        p1_0.product_id=?
2025-08-28T15:32:06.981+09:00 DEBUG 17717 --- [    Test worker] org.hibernate.SQL                        : 
    select
        s1_0.sku_id 
    from
        sku s1_0 
    where
        s1_0.product_id=? 
        and s1_0.options=? 
    fetch
        first ? rows only
2025-08-28T15:32:06.985+09:00 DEBUG 17717 --- [    Test worker] org.hibernate.SQL                        : 
    select
        s1_0.sku_id 
    from
        sku s1_0 
    where
        s1_0.product_id=? 
        and s1_0.sku_code=? 
    fetch
        first ? rows only
2025-08-28T15:32:06.989+09:00 DEBUG 17717 --- [    Test worker] org.hibernate.SQL                        : 
    select
        s1_0.sku_id,
        s1_0.active,
        s1_0.created_at,
        s1_0.modified_at,
        s1_0.options,
        s1_0.currency,
        s1_0.list_price,
        s1_0.sale_price,
        s1_0.product_id,
        s1_0.sku_code 
    from
        sku s1_0 
    where
        s1_0.sku_id=?
2025-08-28T15:32:06.996+09:00 DEBUG 17717 --- [    Test worker] org.hibernate.SQL                        : 
    insert 
    into
        product
        (abv, active, category, created_at, eng_name, kor_name, merchant_id, modified_at, product_id) 
    values
        (?, ?, ?, ?, ?, ?, ?, ?, ?)
2025-08-28T15:32:06.999+09:00 DEBUG 17717 --- [    Test worker] org.hibernate.SQL                        : 
    insert 
    into
        sku
        (active, created_at, modified_at, options, currency, list_price, sale_price, product_id, sku_code, sku_id) 
    values
        (?, ?, ?, ?, ?, ?, ?, ?, ?, ?)
2025-08-28T15:32:07.025+09:00 DEBUG 17717 --- [    Test worker] org.hibernate.SQL                        : 
    select
        p1_0.product_id,
        p1_0.abv,
        p1_0.active,
        p1_0.category,
        p1_0.created_at,
        p1_0.eng_name,
        p1_0.kor_name,
        p1_0.merchant_id,
        p1_0.modified_at 
    from
        product p1_0 
    where
        p1_0.product_id=?
2025-08-28T15:32:07.028+09:00 DEBUG 17717 --- [    Test worker] org.hibernate.SQL                        : 
    select
        s1_0.sku_id,
        s1_0.active,
        s1_0.created_at,
        s1_0.modified_at,
        s1_0.options,
        s1_0.currency,
        s1_0.list_price,
        s1_0.sale_price,
        s1_0.product_id,
        s1_0.sku_code 
    from
        sku s1_0 
    where
        s1_0.sku_id=?
2025-08-28T15:32:07.030+09:00 DEBUG 17717 --- [    Test worker] org.hibernate.SQL                        : 
    select
        p1_0.product_id,
        p1_0.abv,
        p1_0.active,
        p1_0.category,
        p1_0.created_at,
        p1_0.eng_name,
        p1_0.kor_name,
        p1_0.merchant_id,
        p1_0.modified_at 
    from
        product p1_0 
    where
        p1_0.product_id=?

[Product] id=1000, merchant=10, ko=니카 위스키, en=Nikka Whisky, cat=WHISKY, abv=40.00, active=true
2025-08-28T15:32:07.032+09:00 DEBUG 17717 --- [    Test worker] org.hibernate.SQL                        : 
    select
        s1_0.sku_id,
        s1_0.active,
        s1_0.created_at,
        s1_0.modified_at,
        s1_0.options,
        s1_0.currency,
        s1_0.list_price,
        s1_0.sale_price,
        s1_0.product_id,
        s1_0.sku_code 
    from
        sku s1_0 
    where
        s1_0.sku_id=?
[SKU] id=2000, product=1000, code=PRS-1, options={bottle_size=700ml}, list=50000, sale=45000, cur=KRW, active=true

]]></system-out>
  <system-err><![CDATA[WARNING: A Java agent has been loaded dynamically (/Users/admin/.gradle/caches/modules-2/files-2.1/net.bytebuddy/byte-buddy-agent/1.14.18/417558ea01fe9f0e8a94af28b9469d281c4e3984/byte-buddy-agent-1.14.18.jar)
WARNING: If a serviceability tool is in use, please run with -XX:+EnableDynamicAgentLoading to hide this warning
WARNING: If a serviceability tool is not in use, please run with -Djdk.instrument.traceUsage for more information
WARNING: Dynamic loading of agents will be disallowed by default in a future release
]]></system-err>
</testsuite>
